Using pre-set license
Built from '2020.3/staging' branch; Version is '2020.3.10f1 (297d780c91bc) revision 2719096'; Using compiler version '192528614'; Build Type 'Release'
OS: 'Windows 10 Home; OS build 19043.1052; Version 2009; 64bit' Language: 'en' Physical Memory: 16303 MB
BatchMode: 1, IsHumanControllingUs: 0, StartBugReporterOnCrash: 0, Is64bit: 1, IsPro: 0

 COMMAND LINE ARGUMENTS:
C:\Program Files\Unity\Hub\Editor\2020.3.10f1\Editor\Unity.exe
-adb2
-batchMode
-noUpm
-name
AssetImportWorker0
-projectPath
C:/Users/3dcer/Documents/GitHub/Danthew_Bike_Test
-logFile
Logs/AssetImportWorker0.log
-srvPort
56202
Successfully changed project path to: C:/Users/3dcer/Documents/GitHub/Danthew_Bike_Test
C:/Users/3dcer/Documents/GitHub/Danthew_Bike_Test
Using Asset Import Pipeline V2.
Refreshing native plugins compatible for Editor in 113.66 ms, found 11 plugins.
Preloading 2 native plugins for Editor in 3.35 ms.
Initialize engine version: 2020.3.10f1 (297d780c91bc)
[Subsystems] Discovering subsystems at path C:/Program Files/Unity/Hub/Editor/2020.3.10f1/Editor/Data/Resources/UnitySubsystems
[Subsystems] Discovering subsystems at path C:/Users/3dcer/Documents/GitHub/Danthew_Bike_Test/Assets
GfxDevice: creating device client; threaded=0
Direct3D:
    Version:  Direct3D 11.0 [level 11.1]
    Renderer: NVIDIA GeForce RTX 2080 with Max-Q Design (ID=0x1ed0)
    Vendor:   
    VRAM:     8010 MB
    Driver:   27.21.14.6677
Initialize mono
Mono path[0] = 'C:/Program Files/Unity/Hub/Editor/2020.3.10f1/Editor/Data/Managed'
Mono path[1] = 'C:/Program Files/Unity/Hub/Editor/2020.3.10f1/Editor/Data/MonoBleedingEdge/lib/mono/unityjit'
Mono config path = 'C:/Program Files/Unity/Hub/Editor/2020.3.10f1/Editor/Data/MonoBleedingEdge/etc'
Using monoOptions --debugger-agent=transport=dt_socket,embedding=1,server=y,suspend=n,address=127.0.0.1:56092
Begin MonoManager ReloadAssembly
Registering precompiled unity dll's ...
Register platform support module: C:/Program Files/Unity/Hub/Editor/2020.3.10f1/Editor/Data/PlaybackEngines/WebGLSupport/UnityEditor.WebGL.Extensions.dll
Register platform support module: C:/Program Files/Unity/Hub/Editor/2020.3.10f1/Editor/Data/PlaybackEngines/WindowsStandaloneSupport/UnityEditor.WindowsStandalone.Extensions.dll
Registered in 0.005581 seconds.
Native extension for WindowsStandalone target not found
Native extension for WebGL target not found
Refreshing native plugins compatible for Editor in 75.07 ms, found 11 plugins.
Preloading 2 native plugins for Editor in 0.30 ms.
Mono: successfully reloaded assembly
- Completed reload, in  2.692 seconds
Platform modules already initialized, skipping
Registering precompiled user dll's ...
Registered in 0.025093 seconds.
Begin MonoManager ReloadAssembly
Native extension for WindowsStandalone target not found
Native extension for WebGL target not found
Refreshing native plugins compatible for Editor in 73.39 ms, found 11 plugins.
Preloading 2 native plugins for Editor in 0.29 ms.
[XR] OculusXRPlugin: registering subsystems
[XR] Unable to register display lifecyle provider: [1]
[XR] Oculus Input lifecycle provider registered.
[XR] Unable to register input lifecyle provider: [1]
[XR] OVRP version 1.57.0
Mono: successfully reloaded assembly
- Completed reload, in  1.847 seconds
Platform modules already initialized, skipping
========================================================================
Worker process is ready to serve import requests
Launched and connected shader compiler UnityShaderCompiler.exe after 0.08 seconds
Refreshing native plugins compatible for Editor in 1.40 ms, found 11 plugins.
Preloading 2 native plugins for Editor in 0.44 ms.
Unloading 2336 Unused Serialized files (Serialized files now loaded: 0)
System memory in use before: 98.6 MB.
System memory in use after: 98.7 MB.

Unloading 26 unused Assets to reduce memory usage. Loaded Objects now: 2773.
Total: 2.919700 ms (FindLiveObjects: 0.310900 ms CreateObjectMapping: 0.141500 ms MarkObjects: 2.366800 ms  DeleteObjects: 0.099200 ms)

========================================================================
Received Import Request.
  path: Assets/DANIEL/Scripts/SoundPlayer.cs
  artifactKey: Guid(45914ed9fe106a54bb987e03ecc9e502) Importer(815301076,1909f56bfc062723c751e8b465ee728b)
Start importing Assets/DANIEL/Scripts/SoundPlayer.cs using Guid(45914ed9fe106a54bb987e03ecc9e502) Importer(815301076,1909f56bfc062723c751e8b465ee728b)  -> (artifact id: '3e43324e6dd5d64d05ece3c6adb6545f') in 0.050424 seconds
  Import took 0.055553 seconds .

========================================================================
Received Import Request.
  Time since last request: 18.689197 seconds.
  path: Assets/DANIEL/Scripts/AssemblyOrder.cs
  artifactKey: Guid(c7a05d52a7e316642a851458353368c4) Importer(815301076,1909f56bfc062723c751e8b465ee728b)
Start importing Assets/DANIEL/Scripts/AssemblyOrder.cs using Guid(c7a05d52a7e316642a851458353368c4) Importer(815301076,1909f56bfc062723c751e8b465ee728b)  -> (artifact id: 'aa51df55ae48a3202ede1adf5a8add8d') in 0.004676 seconds
  Import took 0.011550 seconds .

========================================================================
Received Prepare
Registering precompiled user dll's ...
Registered in 0.028280 seconds.
Begin MonoManager ReloadAssembly
Native extension for WindowsStandalone target not found
Native extension for WebGL target not found
Refreshing native plugins compatible for Editor in 0.90 ms, found 11 plugins.
Preloading 2 native plugins for Editor in 0.30 ms.
Mono: successfully reloaded assembly
- Completed reload, in  1.650 seconds
Platform modules already initialized, skipping
Refreshing native plugins compatible for Editor in 0.97 ms, found 11 plugins.
Preloading 2 native plugins for Editor in 0.37 ms.
Unloading 2287 Unused Serialized files (Serialized files now loaded: 0)
System memory in use before: 96.6 MB.
System memory in use after: 96.8 MB.

Unloading 19 unused Assets to reduce memory usage. Loaded Objects now: 2778.
Total: 3.194100 ms (FindLiveObjects: 0.272900 ms CreateObjectMapping: 0.135900 ms MarkObjects: 2.718200 ms  DeleteObjects: 0.065800 ms)

========================================================================
Received Import Request.
  Time since last request: 2222.710142 seconds.
  path: Assets/ExternalAssets
  artifactKey: Guid(1e85cdf451597a3469e1463f98c2c450) Importer(815301076,1909f56bfc062723c751e8b465ee728b)
Start importing Assets/ExternalAssets using Guid(1e85cdf451597a3469e1463f98c2c450) Importer(815301076,1909f56bfc062723c751e8b465ee728b)  -> (artifact id: 'a4f132c706eca7833cae87b31b0a4e02') in 0.023076 seconds
  Import took 0.030300 seconds .

========================================================================
Received Prepare
Registering precompiled user dll's ...
Registered in 0.037158 seconds.
Begin MonoManager ReloadAssembly
Native extension for WindowsStandalone target not found
Native extension for WebGL target not found
Refreshing native plugins compatible for Editor in 1.89 ms, found 9 plugins.
Preloading 2 native plugins for Editor in 0.60 ms.
Mono: successfully reloaded assembly
- Completed reload, in  2.746 seconds
Platform modules already initialized, skipping
Refreshing native plugins compatible for Editor in 0.83 ms, found 9 plugins.
Preloading 2 native plugins for Editor in 0.33 ms.
Unloading 2015 Unused Serialized files (Serialized files now loaded: 0)
System memory in use before: 90.8 MB.
System memory in use after: 91.0 MB.

Unloading 11 unused Assets to reduce memory usage. Loaded Objects now: 2781.
Total: 6.270800 ms (FindLiveObjects: 0.315700 ms CreateObjectMapping: 0.128800 ms MarkObjects: 5.710100 ms  DeleteObjects: 0.114500 ms)

AssetImportWorkerClient::OnTransportError - code=2 error=End of file
