Using pre-set license
Built from '2020.3/release' branch; Version is '2020.3.2f1 (8fd9074bf66c) revision 9427207'; Using compiler version '192528614'; Build Type 'Release'
OS: 'Windows 10 Home; OS build 19042.867; Version 2009; 64bit' Language: 'en' Physical Memory: 16303 MB
BatchMode: 1, IsHumanControllingUs: 0, StartBugReporterOnCrash: 0, Is64bit: 1, IsPro: 0

 COMMAND LINE ARGUMENTS:
C:\Program Files\Unity\Hub\Editor\2020.3.2f1\Editor\Unity.exe
-adb2
-batchMode
-noUpm
-name
AssetImportWorker0
-projectPath
C:/Users/3dcer/Documents/GitHub/Danthew_Bike_Test
-logFile
Logs/AssetImportWorker0.log
-srvPort
58958
Successfully changed project path to: C:/Users/3dcer/Documents/GitHub/Danthew_Bike_Test
C:/Users/3dcer/Documents/GitHub/Danthew_Bike_Test
Using Asset Import Pipeline V2.
Refreshing native plugins compatible for Editor in 96.21 ms, found 9 plugins.
Preloading 2 native plugins for Editor in 3.78 ms.
Initialize engine version: 2020.3.2f1 (8fd9074bf66c)
[Subsystems] Discovering subsystems at path C:/Program Files/Unity/Hub/Editor/2020.3.2f1/Editor/Data/Resources/UnitySubsystems
[Subsystems] Discovering subsystems at path C:/Users/3dcer/Documents/GitHub/Danthew_Bike_Test/Assets
GfxDevice: creating device client; threaded=0
Direct3D:
    Version:  Direct3D 11.0 [level 11.1]
    Renderer: NVIDIA GeForce RTX 2080 with Max-Q Design (ID=0x1ed0)
    Vendor:   
    VRAM:     8010 MB
    Driver:   27.21.14.6589
Initialize mono
Mono path[0] = 'C:/Program Files/Unity/Hub/Editor/2020.3.2f1/Editor/Data/Managed'
Mono path[1] = 'C:/Program Files/Unity/Hub/Editor/2020.3.2f1/Editor/Data/MonoBleedingEdge/lib/mono/unityjit'
Mono config path = 'C:/Program Files/Unity/Hub/Editor/2020.3.2f1/Editor/Data/MonoBleedingEdge/etc'
Using monoOptions --debugger-agent=transport=dt_socket,embedding=1,server=y,suspend=n,address=127.0.0.1:56364
Begin MonoManager ReloadAssembly
Registering precompiled unity dll's ...
Register platform support module: C:/Program Files/Unity/Hub/Editor/2020.3.2f1/Editor/Data/PlaybackEngines/WebGLSupport/UnityEditor.WebGL.Extensions.dll
Register platform support module: C:/Program Files/Unity/Hub/Editor/2020.3.2f1/Editor/Data/PlaybackEngines/WindowsStandaloneSupport/UnityEditor.WindowsStandalone.Extensions.dll
Registered in 0.006865 seconds.
Native extension for WindowsStandalone target not found
Native extension for WebGL target not found
Refreshing native plugins compatible for Editor in 63.43 ms, found 9 plugins.
Preloading 2 native plugins for Editor in 0.32 ms.
Invoked RoslynAnalysisRunner static constructor.
RoslynAnalysisRunner will not be running.
RoslynAnalysisRunner has terminated.
Mono: successfully reloaded assembly
- Completed reload, in  3.054 seconds
Platform modules already initialized, skipping
Registering precompiled user dll's ...
Registered in 0.014801 seconds.
Begin MonoManager ReloadAssembly
Native extension for WindowsStandalone target not found
Native extension for WebGL target not found
Refreshing native plugins compatible for Editor in 65.53 ms, found 9 plugins.
Preloading 2 native plugins for Editor in 0.36 ms.
Invoked RoslynAnalysisRunner static constructor.
RoslynAnalysisRunner will not be running.
RoslynAnalysisRunner has terminated.
[XR] OculusXRPlugin: registering subsystems
[XR] Unable to register display lifecyle provider: [1]
[XR] Oculus Input lifecycle provider registered.
[XR] Unable to register input lifecyle provider: [1]
NullReferenceException: Object reference not set to an instance of an object
  at Unity.XR.Oculus.OculusLoader.AssetPathToAbsolutePath (System.String assetPath) [0x00048] in C:\Users\3dcer\Documents\GitHub\Danthew_Bike_Test\Library\PackageCache\com.unity.xr.oculus@1.8.1\Runtime\OculusLoader.cs:243 
  at Unity.XR.Oculus.OculusLoader.EditorLoadOVRPlugin () [0x0007b] in C:\Users\3dcer\Documents\GitHub\Danthew_Bike_Test\Library\PackageCache\com.unity.xr.oculus@1.8.1\Runtime\OculusLoader.cs:228 

(Filename: Library/PackageCache/com.unity.xr.oculus@1.8.1/Runtime/OculusLoader.cs Line: 243)

Mono: successfully reloaded assembly
- Completed reload, in  1.504 seconds
Platform modules already initialized, skipping
========================================================================
Worker process is ready to serve import requests
Launched and connected shader compiler UnityShaderCompiler.exe after 0.10 seconds
Refreshing native plugins compatible for Editor in 1.28 ms, found 9 plugins.
Preloading 2 native plugins for Editor in 0.45 ms.
Unloading 2002 Unused Serialized files (Serialized files now loaded: 0)
System memory in use before: 87.2 MB.
System memory in use after: 87.3 MB.

Unloading 14 unused Assets to reduce memory usage. Loaded Objects now: 2449.
Total: 3.021400 ms (FindLiveObjects: 0.313500 ms CreateObjectMapping: 0.159200 ms MarkObjects: 2.437000 ms  DeleteObjects: 0.110200 ms)

========================================================================
Received Import Request.
  path: Assets/ExampleAssets/Tutorial
  artifactKey: Guid(4aa865ce879c443d3b970d28b0499121) Importer(815301076,1909f56bfc062723c751e8b465ee728b)
Start importing Assets/ExampleAssets/Tutorial using Guid(4aa865ce879c443d3b970d28b0499121) Importer(815301076,1909f56bfc062723c751e8b465ee728b)  -> (artifact id: 'fd3a98f258f8ccad3219a3a77f2d42e2') in 0.008108 seconds
  Import took 0.012395 seconds .

========================================================================
Received Import Request.
  Time since last request: 0.000265 seconds.
  path: Assets/ExampleAssets/Prefabs
  artifactKey: Guid(82604acad0a5a414f8a866ee8d466621) Importer(815301076,1909f56bfc062723c751e8b465ee728b)
Start importing Assets/ExampleAssets/Prefabs using Guid(82604acad0a5a414f8a866ee8d466621) Importer(815301076,1909f56bfc062723c751e8b465ee728b)  -> (artifact id: '0c564b34b46426374110fb577273013d') in 0.004852 seconds
  Import took 0.008812 seconds .

========================================================================
Received Import Request.
  Time since last request: 0.000314 seconds.
  path: Assets/ExampleAssets/Tutorial/VRTutorialContainer.asset
  artifactKey: Guid(66a752886585f42d5b39f6f643d399f9) Importer(815301076,1909f56bfc062723c751e8b465ee728b)
Start importing Assets/ExampleAssets/Tutorial/VRTutorialContainer.asset using Guid(66a752886585f42d5b39f6f643d399f9) Importer(815301076,1909f56bfc062723c751e8b465ee728b)  -> (artifact id: 'c8108dad504f04a4c8c82fdffc7dfb69') in 0.070793 seconds
  Import took 0.074922 seconds .

========================================================================
Received Import Request.
  Time since last request: 0.000267 seconds.
  path: Assets/ExampleAssets/Prefabs/XRControllerLeft.prefab
  artifactKey: Guid(5b158b94c373d4b4f9e98cdb92789343) Importer(815301076,1909f56bfc062723c751e8b465ee728b)
Start importing Assets/ExampleAssets/Prefabs/XRControllerLeft.prefab using Guid(5b158b94c373d4b4f9e98cdb92789343) Importer(815301076,1909f56bfc062723c751e8b465ee728b)  -> (artifact id: '4c91fa6c93c3fbed327ef5e5e07af5fa') in 0.108831 seconds
  Import took 0.112833 seconds .

========================================================================
Received Import Request.
  Time since last request: 0.000288 seconds.
  path: Assets/ExampleAssets/Tutorial/VRTutorialStyle.asset
  artifactKey: Guid(148a9beb0fa9a4026a837fad3a14e6a4) Importer(815301076,1909f56bfc062723c751e8b465ee728b)
Start importing Assets/ExampleAssets/Tutorial/VRTutorialStyle.asset using Guid(148a9beb0fa9a4026a837fad3a14e6a4) Importer(815301076,1909f56bfc062723c751e8b465ee728b)  -> (artifact id: 'b0ed4c2a1901cda5a3f286986d0b1774') in 0.025608 seconds
  Import took 0.029497 seconds .

========================================================================
Received Import Request.
  Time since last request: 0.000279 seconds.
  path: Assets/ExampleAssets/Prefabs/XRControllerRight.prefab
  artifactKey: Guid(1f4d373a613d0466fbd8849470265852) Importer(815301076,1909f56bfc062723c751e8b465ee728b)
Start importing Assets/ExampleAssets/Prefabs/XRControllerRight.prefab using Guid(1f4d373a613d0466fbd8849470265852) Importer(815301076,1909f56bfc062723c751e8b465ee728b)  -> (artifact id: '4b2dd469fb1052f9f863e9955c34c777') in 0.014509 seconds
  Import took 0.018501 seconds .

========================================================================
Received Import Request.
  Time since last request: 0.000455 seconds.
  path: Assets/ExampleAssets/Tutorial/VRTutorialWelcomePage.asset
  artifactKey: Guid(3bf5c60804f704e11826afa05a7e2152) Importer(815301076,1909f56bfc062723c751e8b465ee728b)
Start importing Assets/ExampleAssets/Tutorial/VRTutorialWelcomePage.asset using Guid(3bf5c60804f704e11826afa05a7e2152) Importer(815301076,1909f56bfc062723c751e8b465ee728b)  -> (artifact id: 'a5ab67691a080149cb68b247cd24fac1') in 0.014678 seconds
  Import took 0.018931 seconds .

========================================================================
Received Import Request.
  Time since last request: 0.000270 seconds.
  path: Assets/ExampleAssets/Tutorial/VRTutorialProjectSettings.asset
  artifactKey: Guid(76b4acc4d12394f60a5accbec43ae2a7) Importer(815301076,1909f56bfc062723c751e8b465ee728b)
Start importing Assets/ExampleAssets/Tutorial/VRTutorialProjectSettings.asset using Guid(76b4acc4d12394f60a5accbec43ae2a7) Importer(815301076,1909f56bfc062723c751e8b465ee728b)  -> (artifact id: 'eeda9b59d85643902e1728d8f0047ebc') in 0.014512 seconds
  Import took 0.018695 seconds .

========================================================================
Received Import Request.
  Time since last request: 33.793114 seconds.
  path: Assets/VR Controllers Models
  artifactKey: Guid(a910cdc2860452242b79e0bdae8baf59) Importer(815301076,1909f56bfc062723c751e8b465ee728b)
Start importing Assets/VR Controllers Models using Guid(a910cdc2860452242b79e0bdae8baf59) Importer(815301076,1909f56bfc062723c751e8b465ee728b)  -> (artifact id: '9fd133c15153759e81b9b2be1809d84a') in 0.004305 seconds
  Import took 0.008723 seconds .

========================================================================
Received Import Request.
  Time since last request: 0.080953 seconds.
  path: Assets/VR Controllers Models/Default Controller.prefab
  artifactKey: Guid(0540e32b498ef284f8e1dcf80dfccd58) Importer(815301076,1909f56bfc062723c751e8b465ee728b)
Start importing Assets/VR Controllers Models/Default Controller.prefab using Guid(0540e32b498ef284f8e1dcf80dfccd58) Importer(815301076,1909f56bfc062723c751e8b465ee728b)  -> (artifact id: '88cddd835d5ad1cd603df869e37f7e3a') in 0.012808 seconds
  Import took 0.016779 seconds .

========================================================================
Received Import Request.
  Time since last request: 0.000393 seconds.
  path: Assets/VR Controllers Models/Oculus Quest Controller - Left.prefab
  artifactKey: Guid(c836783e3928a624e9ff9c70d4f21606) Importer(815301076,1909f56bfc062723c751e8b465ee728b)
Start importing Assets/VR Controllers Models/Oculus Quest Controller - Left.prefab using Guid(c836783e3928a624e9ff9c70d4f21606) Importer(815301076,1909f56bfc062723c751e8b465ee728b)  -> (artifact id: 'ae0b94fcfc5876c1c44387200ac6f251') in 0.036174 seconds
  Import took 0.039957 seconds .

========================================================================
Received Import Request.
  Time since last request: 0.000347 seconds.
  path: Assets/VR Controllers Models/OpenVR Controller(Knuckles DV Left) - Left.prefab
  artifactKey: Guid(542a6345c56bbcd41b92f421fac57d92) Importer(815301076,1909f56bfc062723c751e8b465ee728b)
Start importing Assets/VR Controllers Models/OpenVR Controller(Knuckles DV Left) - Left.prefab using Guid(542a6345c56bbcd41b92f421fac57d92) Importer(815301076,1909f56bfc062723c751e8b465ee728b)  -> (artifact id: '69fc36147b96ccccfaafab98ee268233') in 0.018344 seconds
  Import took 0.022399 seconds .

========================================================================
Received Import Request.
  Time since last request: 0.000319 seconds.
  path: Assets/VR Controllers Models/Oculus Quest Controller - Right.prefab
  artifactKey: Guid(cfa8dc06d611ba340b06bbefba58ee46) Importer(815301076,1909f56bfc062723c751e8b465ee728b)
Start importing Assets/VR Controllers Models/Oculus Quest Controller - Right.prefab using Guid(cfa8dc06d611ba340b06bbefba58ee46) Importer(815301076,1909f56bfc062723c751e8b465ee728b)  -> (artifact id: '7597fba8d0d7fe081444da1a5dc86d1a') in 0.013150 seconds
  Import took 0.017892 seconds .

========================================================================
Received Import Request.
  Time since last request: 0.000265 seconds.
  path: Assets/VR Controllers Models/Oculus Touch Controller - Right.prefab
  artifactKey: Guid(0efe8147fc0009d4ea3039b2374d927c) Importer(815301076,1909f56bfc062723c751e8b465ee728b)
Start importing Assets/VR Controllers Models/Oculus Touch Controller - Right.prefab using Guid(0efe8147fc0009d4ea3039b2374d927c) Importer(815301076,1909f56bfc062723c751e8b465ee728b)  -> (artifact id: '8e703eda5ad3b27eae420e5258760f4d') in 0.013558 seconds
  Import took 0.017529 seconds .

========================================================================
Received Import Request.
  Time since last request: 0.000348 seconds.
  path: Assets/VR Controllers Models/Oculus Touch Controller - Left.prefab
  artifactKey: Guid(b2ec64201e9ec6c4ba155691307536cb) Importer(815301076,1909f56bfc062723c751e8b465ee728b)
Start importing Assets/VR Controllers Models/Oculus Touch Controller - Left.prefab using Guid(b2ec64201e9ec6c4ba155691307536cb) Importer(815301076,1909f56bfc062723c751e8b465ee728b)  -> (artifact id: 'e1ac674aa4d3399ad3056770c6d4469c') in 0.015045 seconds
  Import took 0.018927 seconds .

========================================================================
Received Import Request.
  Time since last request: 0.000372 seconds.
  path: Assets/VR Controllers Models/OpenVR Controller(Vive Controller MV) - Left.prefab
  artifactKey: Guid(c4b9c875ed967534eb12cd57aeeb1183) Importer(815301076,1909f56bfc062723c751e8b465ee728b)
Start importing Assets/VR Controllers Models/OpenVR Controller(Vive Controller MV) - Left.prefab using Guid(c4b9c875ed967534eb12cd57aeeb1183) Importer(815301076,1909f56bfc062723c751e8b465ee728b)  -> (artifact id: 'f8c21782eeafd94835ab930b73bab480') in 0.013733 seconds
  Import took 0.017533 seconds .

========================================================================
Received Import Request.
  Time since last request: 0.000367 seconds.
  path: Assets/VR Controllers Models/OpenVR Controller(Knuckles DV Right) - Right.prefab
  artifactKey: Guid(aafefdd564a300c4d93806fdc271c41f) Importer(815301076,1909f56bfc062723c751e8b465ee728b)
Start importing Assets/VR Controllers Models/OpenVR Controller(Knuckles DV Right) - Right.prefab using Guid(aafefdd564a300c4d93806fdc271c41f) Importer(815301076,1909f56bfc062723c751e8b465ee728b)  -> (artifact id: '328f41c90e6a123976a75ca0fb27a763') in 0.013742 seconds
  Import took 0.017613 seconds .

========================================================================
Received Import Request.
  Time since last request: 0.000322 seconds.
  path: Assets/VR Controllers Models/OpenVR Controller(Vive Controller MV) - Right.prefab
  artifactKey: Guid(61e60013ce1d7d942b8975c98fdf8154) Importer(815301076,1909f56bfc062723c751e8b465ee728b)
Start importing Assets/VR Controllers Models/OpenVR Controller(Vive Controller MV) - Right.prefab using Guid(61e60013ce1d7d942b8975c98fdf8154) Importer(815301076,1909f56bfc062723c751e8b465ee728b)  -> (artifact id: '0eb35c9f3b1094e10d9ebd2e84b5a790') in 0.013729 seconds
  Import took 0.018018 seconds .

========================================================================
Received Import Request.
  Time since last request: 384.431999 seconds.
  path: Assets/MATHEW/Scripts
  artifactKey: Guid(4d06fd3f3806d9043b88f9945c4f973b) Importer(815301076,1909f56bfc062723c751e8b465ee728b)
Start importing Assets/MATHEW/Scripts using Guid(4d06fd3f3806d9043b88f9945c4f973b) Importer(815301076,1909f56bfc062723c751e8b465ee728b)  -> (artifact id: 'cf26855841aae355bcb3a20b5ae9771a') in 0.004295 seconds
  Import took 0.009293 seconds .

========================================================================
Received Import Request.
  Time since last request: 17.114496 seconds.
  path: Assets/VR Controllers Models/Default Controllers
  artifactKey: Guid(021911be2ef74ac4a8f0d9428a2137d8) Importer(815301076,1909f56bfc062723c751e8b465ee728b)
Start importing Assets/VR Controllers Models/Default Controllers using Guid(021911be2ef74ac4a8f0d9428a2137d8) Importer(815301076,1909f56bfc062723c751e8b465ee728b)  -> (artifact id: 'd0bfe86a73cc7270dc56b04066ae7486') in 0.004128 seconds
  Import took 0.008272 seconds .

========================================================================
Received Import Request.
  Time since last request: 0.569456 seconds.
  path: Assets/VR Controllers Models/Oculus Controllers
  artifactKey: Guid(e7c3bff80341b94488a2825de4560557) Importer(815301076,1909f56bfc062723c751e8b465ee728b)
Start importing Assets/VR Controllers Models/Oculus Controllers using Guid(e7c3bff80341b94488a2825de4560557) Importer(815301076,1909f56bfc062723c751e8b465ee728b)  -> (artifact id: '138e07c6b82269b30f12c0531d4671ae') in 0.004801 seconds
  Import took 0.009485 seconds .

========================================================================
Received Import Request.
  Time since last request: 91.051158 seconds.
  path: Assets/MATHEW/Scenes/MathewBike.unity
  artifactKey: Guid(88db8ff6c8a34f6478d43b7c5551b4cc) Importer(815301076,1909f56bfc062723c751e8b465ee728b)
Start importing Assets/MATHEW/Scenes/MathewBike.unity using Guid(88db8ff6c8a34f6478d43b7c5551b4cc) Importer(815301076,1909f56bfc062723c751e8b465ee728b)  -> (artifact id: '4023fc68b1871ed7518fa28bada7e25f') in 0.004316 seconds
  Import took 0.008600 seconds .

========================================================================
Received Import Request.
  Time since last request: 125.119509 seconds.
  path: Assets/DANIEL/Scenes/DanielScene.unity
  artifactKey: Guid(cecf9183d9d5e03489382dd04a74d7a3) Importer(815301076,1909f56bfc062723c751e8b465ee728b)
Start importing Assets/DANIEL/Scenes/DanielScene.unity using Guid(cecf9183d9d5e03489382dd04a74d7a3) Importer(815301076,1909f56bfc062723c751e8b465ee728b)  -> (artifact id: '7716a2c3dcefcf49259d732b988c02af') in 0.004791 seconds
  Import took 0.008705 seconds .

========================================================================
Received Import Request.
  Time since last request: 573.941137 seconds.
  path: Assets/DANIEL/Scenes/DanielScene.unity
  artifactKey: Guid(cecf9183d9d5e03489382dd04a74d7a3) Importer(815301076,1909f56bfc062723c751e8b465ee728b)
Start importing Assets/DANIEL/Scenes/DanielScene.unity using Guid(cecf9183d9d5e03489382dd04a74d7a3) Importer(815301076,1909f56bfc062723c751e8b465ee728b)  -> (artifact id: '6882b4dd710b52107d1a6ca69c333331') in 0.004858 seconds
  Import took 0.010095 seconds .

========================================================================
Received Prepare
Registering precompiled user dll's ...
Registered in 0.018089 seconds.
Begin MonoManager ReloadAssembly
Native extension for WindowsStandalone target not found
Native extension for WebGL target not found
Refreshing native plugins compatible for Editor in 0.78 ms, found 9 plugins.
Preloading 2 native plugins for Editor in 0.40 ms.
Invoked RoslynAnalysisRunner static constructor.
RoslynAnalysisRunner will not be running.
RoslynAnalysisRunner has terminated.
NullReferenceException: Object reference not set to an instance of an object
  at Unity.XR.Oculus.OculusLoader.AssetPathToAbsolutePath (System.String assetPath) [0x00048] in C:\Users\3dcer\Documents\GitHub\Danthew_Bike_Test\Library\PackageCache\com.unity.xr.oculus@1.8.1\Runtime\OculusLoader.cs:243 
  at Unity.XR.Oculus.OculusLoader.EditorLoadOVRPlugin () [0x0007b] in C:\Users\3dcer\Documents\GitHub\Danthew_Bike_Test\Library\PackageCache\com.unity.xr.oculus@1.8.1\Runtime\OculusLoader.cs:228 

(Filename: Library/PackageCache/com.unity.xr.oculus@1.8.1/Runtime/OculusLoader.cs Line: 243)

Mono: successfully reloaded assembly
- Completed reload, in  1.359 seconds
Platform modules already initialized, skipping
Refreshing native plugins compatible for Editor in 0.72 ms, found 9 plugins.
Preloading 2 native plugins for Editor in 0.32 ms.
Unloading 1965 Unused Serialized files (Serialized files now loaded: 0)
System memory in use before: 89.5 MB.
System memory in use after: 89.6 MB.

Unloading 7 unused Assets to reduce memory usage. Loaded Objects now: 2460.
Total: 2.859700 ms (FindLiveObjects: 0.229800 ms CreateObjectMapping: 0.106500 ms MarkObjects: 2.460600 ms  DeleteObjects: 0.061200 ms)

========================================================================
Received Prepare
Registering precompiled user dll's ...
Registered in 0.018097 seconds.
Begin MonoManager ReloadAssembly
Native extension for WindowsStandalone target not found
Native extension for WebGL target not found
Refreshing native plugins compatible for Editor in 0.80 ms, found 9 plugins.
Preloading 2 native plugins for Editor in 0.38 ms.
Invoked RoslynAnalysisRunner static constructor.
RoslynAnalysisRunner will not be running.
RoslynAnalysisRunner has terminated.
NullReferenceException: Object reference not set to an instance of an object
  at Unity.XR.Oculus.OculusLoader.AssetPathToAbsolutePath (System.String assetPath) [0x00048] in C:\Users\3dcer\Documents\GitHub\Danthew_Bike_Test\Library\PackageCache\com.unity.xr.oculus@1.8.1\Runtime\OculusLoader.cs:243 
  at Unity.XR.Oculus.OculusLoader.EditorLoadOVRPlugin () [0x0007b] in C:\Users\3dcer\Documents\GitHub\Danthew_Bike_Test\Library\PackageCache\com.unity.xr.oculus@1.8.1\Runtime\OculusLoader.cs:228 

(Filename: Library/PackageCache/com.unity.xr.oculus@1.8.1/Runtime/OculusLoader.cs Line: 243)

Mono: successfully reloaded assembly
- Completed reload, in  1.337 seconds
Platform modules already initialized, skipping
Refreshing native plugins compatible for Editor in 0.77 ms, found 9 plugins.
Preloading 2 native plugins for Editor in 0.32 ms.
Unloading 1965 Unused Serialized files (Serialized files now loaded: 0)
System memory in use before: 89.5 MB.
System memory in use after: 89.6 MB.

Unloading 7 unused Assets to reduce memory usage. Loaded Objects now: 2464.
Total: 3.714000 ms (FindLiveObjects: 0.299000 ms CreateObjectMapping: 0.146800 ms MarkObjects: 3.202800 ms  DeleteObjects: 0.063500 ms)

========================================================================
Received Prepare
Registering precompiled user dll's ...
Registered in 0.019082 seconds.
Begin MonoManager ReloadAssembly
Native extension for WindowsStandalone target not found
Native extension for WebGL target not found
Refreshing native plugins compatible for Editor in 0.73 ms, found 9 plugins.
Preloading 2 native plugins for Editor in 0.35 ms.
Invoked RoslynAnalysisRunner static constructor.
RoslynAnalysisRunner will not be running.
RoslynAnalysisRunner has terminated.
NullReferenceException: Object reference not set to an instance of an object
  at Unity.XR.Oculus.OculusLoader.AssetPathToAbsolutePath (System.String assetPath) [0x00048] in C:\Users\3dcer\Documents\GitHub\Danthew_Bike_Test\Library\PackageCache\com.unity.xr.oculus@1.8.1\Runtime\OculusLoader.cs:243 
  at Unity.XR.Oculus.OculusLoader.EditorLoadOVRPlugin () [0x0007b] in C:\Users\3dcer\Documents\GitHub\Danthew_Bike_Test\Library\PackageCache\com.unity.xr.oculus@1.8.1\Runtime\OculusLoader.cs:228 

(Filename: Library/PackageCache/com.unity.xr.oculus@1.8.1/Runtime/OculusLoader.cs Line: 243)

Mono: successfully reloaded assembly
- Completed reload, in  1.352 seconds
Platform modules already initialized, skipping
Refreshing native plugins compatible for Editor in 0.73 ms, found 9 plugins.
Preloading 2 native plugins for Editor in 0.31 ms.
Unloading 1965 Unused Serialized files (Serialized files now loaded: 0)
System memory in use before: 89.5 MB.
System memory in use after: 89.6 MB.

Unloading 7 unused Assets to reduce memory usage. Loaded Objects now: 2468.
Total: 2.757600 ms (FindLiveObjects: 0.255100 ms CreateObjectMapping: 0.113800 ms MarkObjects: 2.326300 ms  DeleteObjects: 0.060900 ms)

========================================================================
Received Prepare
Registering precompiled user dll's ...
Registered in 0.019871 seconds.
Begin MonoManager ReloadAssembly
Native extension for WindowsStandalone target not found
Native extension for WebGL target not found
Refreshing native plugins compatible for Editor in 0.77 ms, found 9 plugins.
Preloading 2 native plugins for Editor in 0.40 ms.
Invoked RoslynAnalysisRunner static constructor.
RoslynAnalysisRunner will not be running.
RoslynAnalysisRunner has terminated.
NullReferenceException: Object reference not set to an instance of an object
  at Unity.XR.Oculus.OculusLoader.AssetPathToAbsolutePath (System.String assetPath) [0x00048] in C:\Users\3dcer\Documents\GitHub\Danthew_Bike_Test\Library\PackageCache\com.unity.xr.oculus@1.8.1\Runtime\OculusLoader.cs:243 
  at Unity.XR.Oculus.OculusLoader.EditorLoadOVRPlugin () [0x0007b] in C:\Users\3dcer\Documents\GitHub\Danthew_Bike_Test\Library\PackageCache\com.unity.xr.oculus@1.8.1\Runtime\OculusLoader.cs:228 

(Filename: Library/PackageCache/com.unity.xr.oculus@1.8.1/Runtime/OculusLoader.cs Line: 243)

Mono: successfully reloaded assembly
- Completed reload, in  1.488 seconds
Platform modules already initialized, skipping
Refreshing native plugins compatible for Editor in 0.78 ms, found 9 plugins.
Preloading 2 native plugins for Editor in 0.35 ms.
Unloading 1965 Unused Serialized files (Serialized files now loaded: 0)
System memory in use before: 89.6 MB.
System memory in use after: 89.7 MB.

Unloading 7 unused Assets to reduce memory usage. Loaded Objects now: 2472.
Total: 2.895000 ms (FindLiveObjects: 0.249400 ms CreateObjectMapping: 0.104600 ms MarkObjects: 2.483100 ms  DeleteObjects: 0.056100 ms)

========================================================================
Received Prepare
Registering precompiled user dll's ...
Registered in 0.017156 seconds.
Begin MonoManager ReloadAssembly
Native extension for WindowsStandalone target not found
Native extension for WebGL target not found
Refreshing native plugins compatible for Editor in 0.75 ms, found 9 plugins.
Preloading 2 native plugins for Editor in 0.37 ms.
Invoked RoslynAnalysisRunner static constructor.
RoslynAnalysisRunner will not be running.
RoslynAnalysisRunner has terminated.
NullReferenceException: Object reference not set to an instance of an object
  at Unity.XR.Oculus.OculusLoader.AssetPathToAbsolutePath (System.String assetPath) [0x00048] in C:\Users\3dcer\Documents\GitHub\Danthew_Bike_Test\Library\PackageCache\com.unity.xr.oculus@1.8.1\Runtime\OculusLoader.cs:243 
  at Unity.XR.Oculus.OculusLoader.EditorLoadOVRPlugin () [0x0007b] in C:\Users\3dcer\Documents\GitHub\Danthew_Bike_Test\Library\PackageCache\com.unity.xr.oculus@1.8.1\Runtime\OculusLoader.cs:228 

(Filename: Library/PackageCache/com.unity.xr.oculus@1.8.1/Runtime/OculusLoader.cs Line: 243)

Mono: successfully reloaded assembly
- Completed reload, in  1.365 seconds
Platform modules already initialized, skipping
Refreshing native plugins compatible for Editor in 0.81 ms, found 9 plugins.
Preloading 2 native plugins for Editor in 0.31 ms.
Unloading 1965 Unused Serialized files (Serialized files now loaded: 0)
System memory in use before: 89.6 MB.
System memory in use after: 89.7 MB.

Unloading 7 unused Assets to reduce memory usage. Loaded Objects now: 2476.
Total: 3.723000 ms (FindLiveObjects: 0.252300 ms CreateObjectMapping: 0.099700 ms MarkObjects: 3.309300 ms  DeleteObjects: 0.060100 ms)

========================================================================
Received Prepare
Registering precompiled user dll's ...
Registered in 0.019513 seconds.
Begin MonoManager ReloadAssembly
Native extension for WindowsStandalone target not found
Native extension for WebGL target not found
Refreshing native plugins compatible for Editor in 1.20 ms, found 9 plugins.
Preloading 2 native plugins for Editor in 0.42 ms.
Invoked RoslynAnalysisRunner static constructor.
RoslynAnalysisRunner will not be running.
RoslynAnalysisRunner has terminated.
NullReferenceException: Object reference not set to an instance of an object
  at Unity.XR.Oculus.OculusLoader.AssetPathToAbsolutePath (System.String assetPath) [0x00048] in C:\Users\3dcer\Documents\GitHub\Danthew_Bike_Test\Library\PackageCache\com.unity.xr.oculus@1.8.1\Runtime\OculusLoader.cs:243 
  at Unity.XR.Oculus.OculusLoader.EditorLoadOVRPlugin () [0x0007b] in C:\Users\3dcer\Documents\GitHub\Danthew_Bike_Test\Library\PackageCache\com.unity.xr.oculus@1.8.1\Runtime\OculusLoader.cs:228 

(Filename: Library/PackageCache/com.unity.xr.oculus@1.8.1/Runtime/OculusLoader.cs Line: 243)

Mono: successfully reloaded assembly
- Completed reload, in  1.569 seconds
Platform modules already initialized, skipping
Refreshing native plugins compatible for Editor in 0.79 ms, found 9 plugins.
Preloading 2 native plugins for Editor in 0.35 ms.
Unloading 1965 Unused Serialized files (Serialized files now loaded: 0)
System memory in use before: 89.6 MB.
System memory in use after: 89.7 MB.

Unloading 7 unused Assets to reduce memory usage. Loaded Objects now: 2480.
Total: 4.470200 ms (FindLiveObjects: 0.262700 ms CreateObjectMapping: 0.109900 ms MarkObjects: 3.979100 ms  DeleteObjects: 0.116600 ms)

========================================================================
Received Prepare
Registering precompiled user dll's ...
Registered in 0.020133 seconds.
Begin MonoManager ReloadAssembly
Native extension for WindowsStandalone target not found
Native extension for WebGL target not found
Refreshing native plugins compatible for Editor in 0.99 ms, found 9 plugins.
Preloading 2 native plugins for Editor in 0.39 ms.
Invoked RoslynAnalysisRunner static constructor.
RoslynAnalysisRunner will not be running.
RoslynAnalysisRunner has terminated.
NullReferenceException: Object reference not set to an instance of an object
  at Unity.XR.Oculus.OculusLoader.AssetPathToAbsolutePath (System.String assetPath) [0x00048] in C:\Users\3dcer\Documents\GitHub\Danthew_Bike_Test\Library\PackageCache\com.unity.xr.oculus@1.8.1\Runtime\OculusLoader.cs:243 
  at Unity.XR.Oculus.OculusLoader.EditorLoadOVRPlugin () [0x0007b] in C:\Users\3dcer\Documents\GitHub\Danthew_Bike_Test\Library\PackageCache\com.unity.xr.oculus@1.8.1\Runtime\OculusLoader.cs:228 

(Filename: Library/PackageCache/com.unity.xr.oculus@1.8.1/Runtime/OculusLoader.cs Line: 243)

Mono: successfully reloaded assembly
- Completed reload, in  1.583 seconds
Platform modules already initialized, skipping
Refreshing native plugins compatible for Editor in 0.73 ms, found 9 plugins.
Preloading 2 native plugins for Editor in 0.32 ms.
Unloading 1965 Unused Serialized files (Serialized files now loaded: 0)
System memory in use before: 89.6 MB.
System memory in use after: 89.7 MB.

Unloading 7 unused Assets to reduce memory usage. Loaded Objects now: 2484.
Total: 2.744000 ms (FindLiveObjects: 0.263500 ms CreateObjectMapping: 0.103900 ms MarkObjects: 2.300800 ms  DeleteObjects: 0.074400 ms)

========================================================================
Received Prepare
Registering precompiled user dll's ...
Registered in 0.019351 seconds.
Begin MonoManager ReloadAssembly
Native extension for WindowsStandalone target not found
Native extension for WebGL target not found
Refreshing native plugins compatible for Editor in 1.06 ms, found 9 plugins.
Preloading 2 native plugins for Editor in 0.40 ms.
Invoked RoslynAnalysisRunner static constructor.
RoslynAnalysisRunner will not be running.
RoslynAnalysisRunner has terminated.
NullReferenceException: Object reference not set to an instance of an object
  at Unity.XR.Oculus.OculusLoader.AssetPathToAbsolutePath (System.String assetPath) [0x00048] in C:\Users\3dcer\Documents\GitHub\Danthew_Bike_Test\Library\PackageCache\com.unity.xr.oculus@1.8.1\Runtime\OculusLoader.cs:243 
  at Unity.XR.Oculus.OculusLoader.EditorLoadOVRPlugin () [0x0007b] in C:\Users\3dcer\Documents\GitHub\Danthew_Bike_Test\Library\PackageCache\com.unity.xr.oculus@1.8.1\Runtime\OculusLoader.cs:228 

(Filename: Library/PackageCache/com.unity.xr.oculus@1.8.1/Runtime/OculusLoader.cs Line: 243)

Mono: successfully reloaded assembly
- Completed reload, in  1.381 seconds
Platform modules already initialized, skipping
Refreshing native plugins compatible for Editor in 0.78 ms, found 9 plugins.
Preloading 2 native plugins for Editor in 0.31 ms.
Unloading 1965 Unused Serialized files (Serialized files now loaded: 0)
System memory in use before: 89.6 MB.
System memory in use after: 89.7 MB.

Unloading 7 unused Assets to reduce memory usage. Loaded Objects now: 2488.
Total: 3.116300 ms (FindLiveObjects: 0.484600 ms CreateObjectMapping: 0.174600 ms MarkObjects: 2.394900 ms  DeleteObjects: 0.060700 ms)

========================================================================
Received Import Request.
  Time since last request: 11618.453874 seconds.
  path: Assets/Scripts/ExclusiveSockets
  artifactKey: Guid(b3673057a350cbf4486cea1d3f3bcf5e) Importer(815301076,1909f56bfc062723c751e8b465ee728b)
Start importing Assets/Scripts/ExclusiveSockets using Guid(b3673057a350cbf4486cea1d3f3bcf5e) Importer(815301076,1909f56bfc062723c751e8b465ee728b)  -> (artifact id: '0c65efb6f1473b2fb83d18e995d57959') in 0.011187 seconds
  Import took 0.016577 seconds .

========================================================================
Received Prepare
Registering precompiled user dll's ...
Registered in 0.021856 seconds.
Begin MonoManager ReloadAssembly
Native extension for WindowsStandalone target not found
Native extension for WebGL target not found
Refreshing native plugins compatible for Editor in 1.06 ms, found 9 plugins.
Preloading 2 native plugins for Editor in 0.47 ms.
Invoked RoslynAnalysisRunner static constructor.
RoslynAnalysisRunner will not be running.
RoslynAnalysisRunner has terminated.
NullReferenceException: Object reference not set to an instance of an object
  at Unity.XR.Oculus.OculusLoader.AssetPathToAbsolutePath (System.String assetPath) [0x00048] in C:\Users\3dcer\Documents\GitHub\Danthew_Bike_Test\Library\PackageCache\com.unity.xr.oculus@1.8.1\Runtime\OculusLoader.cs:243 
  at Unity.XR.Oculus.OculusLoader.EditorLoadOVRPlugin () [0x0007b] in C:\Users\3dcer\Documents\GitHub\Danthew_Bike_Test\Library\PackageCache\com.unity.xr.oculus@1.8.1\Runtime\OculusLoader.cs:228 

(Filename: Library/PackageCache/com.unity.xr.oculus@1.8.1/Runtime/OculusLoader.cs Line: 243)

Mono: successfully reloaded assembly
- Completed reload, in  1.417 seconds
Platform modules already initialized, skipping
Refreshing native plugins compatible for Editor in 0.81 ms, found 9 plugins.
Preloading 2 native plugins for Editor in 0.32 ms.
Unloading 1967 Unused Serialized files (Serialized files now loaded: 0)
System memory in use before: 89.7 MB.
System memory in use after: 89.8 MB.

Unloading 7 unused Assets to reduce memory usage. Loaded Objects now: 2494.
Total: 2.936300 ms (FindLiveObjects: 0.275200 ms CreateObjectMapping: 0.108000 ms MarkObjects: 2.477800 ms  DeleteObjects: 0.074100 ms)

========================================================================
Received Import Request.
  Time since last request: 357.959873 seconds.
  path: Assets/Scripts/ExclusiveSockets/SocketTarget.cs
  artifactKey: Guid(c99fd75fbbe2da34da54d36cbde8e0ab) Importer(815301076,1909f56bfc062723c751e8b465ee728b)
Start importing Assets/Scripts/ExclusiveSockets/SocketTarget.cs using Guid(c99fd75fbbe2da34da54d36cbde8e0ab) Importer(815301076,1909f56bfc062723c751e8b465ee728b)  -> (artifact id: 'c3526e408afaa569ebce569855415525') in 0.015286 seconds
  Import took 0.020441 seconds .

========================================================================
Received Prepare
Registering precompiled user dll's ...
Registered in 0.020421 seconds.
Begin MonoManager ReloadAssembly
Native extension for WindowsStandalone target not found
Native extension for WebGL target not found
Refreshing native plugins compatible for Editor in 0.77 ms, found 9 plugins.
Preloading 2 native plugins for Editor in 0.34 ms.
Invoked RoslynAnalysisRunner static constructor.
RoslynAnalysisRunner will not be running.
RoslynAnalysisRunner has terminated.
NullReferenceException: Object reference not set to an instance of an object
  at Unity.XR.Oculus.OculusLoader.AssetPathToAbsolutePath (System.String assetPath) [0x00048] in C:\Users\3dcer\Documents\GitHub\Danthew_Bike_Test\Library\PackageCache\com.unity.xr.oculus@1.8.1\Runtime\OculusLoader.cs:243 
  at Unity.XR.Oculus.OculusLoader.EditorLoadOVRPlugin () [0x0007b] in C:\Users\3dcer\Documents\GitHub\Danthew_Bike_Test\Library\PackageCache\com.unity.xr.oculus@1.8.1\Runtime\OculusLoader.cs:228 

(Filename: Library/PackageCache/com.unity.xr.oculus@1.8.1/Runtime/OculusLoader.cs Line: 243)

Mono: successfully reloaded assembly
- Completed reload, in  1.420 seconds
Platform modules already initialized, skipping
Refreshing native plugins compatible for Editor in 0.76 ms, found 9 plugins.
Preloading 2 native plugins for Editor in 0.36 ms.
Unloading 1967 Unused Serialized files (Serialized files now loaded: 0)
System memory in use before: 89.7 MB.
System memory in use after: 89.8 MB.

Unloading 7 unused Assets to reduce memory usage. Loaded Objects now: 2498.
Total: 4.482900 ms (FindLiveObjects: 0.336400 ms CreateObjectMapping: 0.124000 ms MarkObjects: 3.959700 ms  DeleteObjects: 0.060800 ms)

========================================================================
Received Prepare
Registering precompiled user dll's ...
Registered in 0.019556 seconds.
Begin MonoManager ReloadAssembly
Native extension for WindowsStandalone target not found
Native extension for WebGL target not found
Refreshing native plugins compatible for Editor in 0.93 ms, found 9 plugins.
Preloading 2 native plugins for Editor in 0.38 ms.
Invoked RoslynAnalysisRunner static constructor.
RoslynAnalysisRunner will not be running.
RoslynAnalysisRunner has terminated.
NullReferenceException: Object reference not set to an instance of an object
  at Unity.XR.Oculus.OculusLoader.AssetPathToAbsolutePath (System.String assetPath) [0x00048] in C:\Users\3dcer\Documents\GitHub\Danthew_Bike_Test\Library\PackageCache\com.unity.xr.oculus@1.8.1\Runtime\OculusLoader.cs:243 
  at Unity.XR.Oculus.OculusLoader.EditorLoadOVRPlugin () [0x0007b] in C:\Users\3dcer\Documents\GitHub\Danthew_Bike_Test\Library\PackageCache\com.unity.xr.oculus@1.8.1\Runtime\OculusLoader.cs:228 

(Filename: Library/PackageCache/com.unity.xr.oculus@1.8.1/Runtime/OculusLoader.cs Line: 243)

Mono: successfully reloaded assembly
- Completed reload, in  1.519 seconds
Platform modules already initialized, skipping
Refreshing native plugins compatible for Editor in 0.98 ms, found 9 plugins.
Preloading 2 native plugins for Editor in 0.45 ms.
Unloading 1967 Unused Serialized files (Serialized files now loaded: 0)
System memory in use before: 89.7 MB.
System memory in use after: 89.8 MB.

Unloading 7 unused Assets to reduce memory usage. Loaded Objects now: 2502.
Total: 3.389200 ms (FindLiveObjects: 0.426200 ms CreateObjectMapping: 0.140800 ms MarkObjects: 2.755300 ms  DeleteObjects: 0.065000 ms)

========================================================================
Received Prepare
Registering precompiled user dll's ...
Registered in 0.020106 seconds.
Begin MonoManager ReloadAssembly
Native extension for WindowsStandalone target not found
Native extension for WebGL target not found
Refreshing native plugins compatible for Editor in 0.77 ms, found 9 plugins.
Preloading 2 native plugins for Editor in 0.38 ms.
Invoked RoslynAnalysisRunner static constructor.
RoslynAnalysisRunner will not be running.
RoslynAnalysisRunner has terminated.
NullReferenceException: Object reference not set to an instance of an object
  at Unity.XR.Oculus.OculusLoader.AssetPathToAbsolutePath (System.String assetPath) [0x00048] in C:\Users\3dcer\Documents\GitHub\Danthew_Bike_Test\Library\PackageCache\com.unity.xr.oculus@1.8.1\Runtime\OculusLoader.cs:243 
  at Unity.XR.Oculus.OculusLoader.EditorLoadOVRPlugin () [0x0007b] in C:\Users\3dcer\Documents\GitHub\Danthew_Bike_Test\Library\PackageCache\com.unity.xr.oculus@1.8.1\Runtime\OculusLoader.cs:228 

(Filename: Library/PackageCache/com.unity.xr.oculus@1.8.1/Runtime/OculusLoader.cs Line: 243)

Mono: successfully reloaded assembly
- Completed reload, in  1.383 seconds
Platform modules already initialized, skipping
Refreshing native plugins compatible for Editor in 0.75 ms, found 9 plugins.
Preloading 2 native plugins for Editor in 0.34 ms.
Unloading 1967 Unused Serialized files (Serialized files now loaded: 0)
System memory in use before: 89.7 MB.
System memory in use after: 89.8 MB.

Unloading 7 unused Assets to reduce memory usage. Loaded Objects now: 2506.
Total: 2.515200 ms (FindLiveObjects: 0.262900 ms CreateObjectMapping: 0.119800 ms MarkObjects: 2.067800 ms  DeleteObjects: 0.063100 ms)

========================================================================
Received Import Request.
  Time since last request: 1428.095639 seconds.
  path: Assets/ExampleAssets/Tutorial/Images
  artifactKey: Guid(8e9214df9da5b4a17af52339d5d82789) Importer(815301076,1909f56bfc062723c751e8b465ee728b)
Start importing Assets/ExampleAssets/Tutorial/Images using Guid(8e9214df9da5b4a17af52339d5d82789) Importer(815301076,1909f56bfc062723c751e8b465ee728b)  -> (artifact id: 'cd59dfa2d6542134784153a59aca3615') in 0.008929 seconds
  Import took 0.014171 seconds .

========================================================================
Received Import Request.
  Time since last request: 0.088031 seconds.
  path: Assets/ExampleAssets/Tutorial/Images/1-welcome-screen-image.png
  artifactKey: Guid(11e34d76fce7843be984510eca5c9139) Importer(815301076,1909f56bfc062723c751e8b465ee728b)
Start importing Assets/ExampleAssets/Tutorial/Images/1-welcome-screen-image.png using Guid(11e34d76fce7843be984510eca5c9139) Importer(815301076,1909f56bfc062723c751e8b465ee728b)  -> (artifact id: 'b9a2c083f69eb5540fc17c243c4955be') in 0.133736 seconds
  Import took 0.138342 seconds .

========================================================================
Received Import Request.
  Time since last request: 0.000248 seconds.
  path: Assets/ExampleAssets/Tutorial/Images/project-header-vr.png
  artifactKey: Guid(6eaf09dd6cc8a49708bf60691e32bebf) Importer(815301076,1909f56bfc062723c751e8b465ee728b)
Start importing Assets/ExampleAssets/Tutorial/Images/project-header-vr.png using Guid(6eaf09dd6cc8a49708bf60691e32bebf) Importer(815301076,1909f56bfc062723c751e8b465ee728b)  -> (artifact id: '4d9b17827379877bf2a40b3bd96ff4ac') in 0.021733 seconds
  Import took 0.026349 seconds .

========================================================================
Received Prepare
Registering precompiled user dll's ...
Registered in 0.020443 seconds.
Begin MonoManager ReloadAssembly
Native extension for WindowsStandalone target not found
Native extension for WebGL target not found
Refreshing native plugins compatible for Editor in 0.74 ms, found 9 plugins.
Preloading 2 native plugins for Editor in 0.37 ms.
Invoked RoslynAnalysisRunner static constructor.
RoslynAnalysisRunner will not be running.
RoslynAnalysisRunner has terminated.
NullReferenceException: Object reference not set to an instance of an object
  at Unity.XR.Oculus.OculusLoader.AssetPathToAbsolutePath (System.String assetPath) [0x00048] in C:\Users\3dcer\Documents\GitHub\Danthew_Bike_Test\Library\PackageCache\com.unity.xr.oculus@1.8.1\Runtime\OculusLoader.cs:243 
  at Unity.XR.Oculus.OculusLoader.EditorLoadOVRPlugin () [0x0007b] in C:\Users\3dcer\Documents\GitHub\Danthew_Bike_Test\Library\PackageCache\com.unity.xr.oculus@1.8.1\Runtime\OculusLoader.cs:228 

(Filename: Library/PackageCache/com.unity.xr.oculus@1.8.1/Runtime/OculusLoader.cs Line: 243)

Mono: successfully reloaded assembly
- Completed reload, in  1.485 seconds
Platform modules already initialized, skipping
Refreshing native plugins compatible for Editor in 0.86 ms, found 9 plugins.
Preloading 2 native plugins for Editor in 0.38 ms.
Unloading 1967 Unused Serialized files (Serialized files now loaded: 0)
System memory in use before: 89.7 MB.
System memory in use after: 89.8 MB.

Unloading 7 unused Assets to reduce memory usage. Loaded Objects now: 2513.
Total: 4.206100 ms (FindLiveObjects: 0.362500 ms CreateObjectMapping: 0.127000 ms MarkObjects: 3.634500 ms  DeleteObjects: 0.079700 ms)

========================================================================
Received Import Request.
  Time since last request: 54355.254565 seconds.
  path: Assets/DANIEL/Garage Interior/Models/paint brush.FBX
  artifactKey: Guid(6d50ea88c5d807143ae57390e8218ae8) Importer(815301076,1909f56bfc062723c751e8b465ee728b)
Start importing Assets/DANIEL/Garage Interior/Models/paint brush.FBX using Guid(6d50ea88c5d807143ae57390e8218ae8) Importer(815301076,1909f56bfc062723c751e8b465ee728b)  -> (artifact id: 'd8e03c8d1483853d0334633ac4425696') in 0.792996 seconds
  Import took 1.029875 seconds .

========================================================================
Received Import Request.
  Time since last request: 0.000982 seconds.
  path: Assets/DANIEL/Garage Interior/Models/paint bucket big2.FBX
  artifactKey: Guid(b24fd4ab09694b047b981a9dfcb6a053) Importer(815301076,1909f56bfc062723c751e8b465ee728b)
Start importing Assets/DANIEL/Garage Interior/Models/paint bucket big2.FBX using Guid(b24fd4ab09694b047b981a9dfcb6a053) Importer(815301076,1909f56bfc062723c751e8b465ee728b)  -> (artifact id: '8c6918286db0355e8ca640464ad68840') in 0.040410 seconds
  Import took 0.045220 seconds .

========================================================================
Received Import Request.
  Time since last request: 0.000716 seconds.
  path: Assets/DANIEL/Garage Interior/Models/sign3.FBX
  artifactKey: Guid(65a1febd100ffdb498a27fb16d20462a) Importer(815301076,1909f56bfc062723c751e8b465ee728b)
Start importing Assets/DANIEL/Garage Interior/Models/sign3.FBX using Guid(65a1febd100ffdb498a27fb16d20462a) Importer(815301076,1909f56bfc062723c751e8b465ee728b)  -> (artifact id: 'e5c5a2f2d9a85b16cc21f298e91f4682') in 0.030418 seconds
  Import took 0.035712 seconds .

========================================================================
Received Import Request.
  Time since last request: 0.000578 seconds.
  path: Assets/DANIEL/Garage Interior/Models/wood pallet.FBX
  artifactKey: Guid(6e926484682b7144990c2fa90d9606e3) Importer(815301076,1909f56bfc062723c751e8b465ee728b)
Start importing Assets/DANIEL/Garage Interior/Models/wood pallet.FBX using Guid(6e926484682b7144990c2fa90d9606e3) Importer(815301076,1909f56bfc062723c751e8b465ee728b)  -> (artifact id: '1f0928d6a2e3dfd4df45935def438d33') in 0.027088 seconds
  Import took 0.032193 seconds .

========================================================================
Received Import Request.
  Time since last request: 0.000633 seconds.
  path: Assets/DANIEL/Garage Interior/Models/roof.FBX
  artifactKey: Guid(cf6b0730daca06f4ca169934df387b0c) Importer(815301076,1909f56bfc062723c751e8b465ee728b)
Start importing Assets/DANIEL/Garage Interior/Models/roof.FBX using Guid(cf6b0730daca06f4ca169934df387b0c) Importer(815301076,1909f56bfc062723c751e8b465ee728b)  -> (artifact id: '656111a555c923bfe722773889f2b752') in 0.069489 seconds
  Import took 0.074163 seconds .

========================================================================
Received Import Request.
  Time since last request: 0.000318 seconds.
  path: Assets/DANIEL/Garage Interior/Models/spray can2c.FBX
  artifactKey: Guid(be10113c9c6d3264f8427cd2a1cbeda4) Importer(815301076,1909f56bfc062723c751e8b465ee728b)
Start importing Assets/DANIEL/Garage Interior/Models/spray can2c.FBX using Guid(be10113c9c6d3264f8427cd2a1cbeda4) Importer(815301076,1909f56bfc062723c751e8b465ee728b)  -> (artifact id: '789e233da517cb2564a0dc44f54c4fb7') in 0.027163 seconds
  Import took 0.033360 seconds .

========================================================================
Received Import Request.
  Time since last request: 0.000353 seconds.
  path: Assets/VR Controllers Models/Vive Controllers/Models/vr_controller_vive_1_5.obj
  artifactKey: Guid(b165cfd94b7c7584c960a16f595bbc5e) Importer(815301076,1909f56bfc062723c751e8b465ee728b)
Start importing Assets/VR Controllers Models/Vive Controllers/Models/vr_controller_vive_1_5.obj using Guid(b165cfd94b7c7584c960a16f595bbc5e) Importer(815301076,1909f56bfc062723c751e8b465ee728b)  -> (artifact id: 'a0f0a305cd2cf328bea57f10fb54c8c7') in 0.094807 seconds
  Import took 0.100091 seconds .

========================================================================
Received Import Request.
  Time since last request: 0.000526 seconds.
  path: Assets/VR Controllers Models/Oculus Controllers/oculus_rifts_controller_right/oculus_rifts_controller_right.obj
  artifactKey: Guid(115d751b184b79946acb67c5c52446a6) Importer(815301076,1909f56bfc062723c751e8b465ee728b)
Start importing Assets/VR Controllers Models/Oculus Controllers/oculus_rifts_controller_right/oculus_rifts_controller_right.obj using Guid(115d751b184b79946acb67c5c52446a6) Importer(815301076,1909f56bfc062723c751e8b465ee728b)  -> (artifact id: '788fff6f128052d28cc12e726a35b5ee') in 0.036151 seconds
  Import took 0.040148 seconds .

========================================================================
Received Import Request.
  Time since last request: 0.000442 seconds.
  path: Assets/DANIEL/Garage Interior/Models/rack1.FBX
  artifactKey: Guid(32f518b0f8407ce4d82e9ee4832a42fa) Importer(815301076,1909f56bfc062723c751e8b465ee728b)
Start importing Assets/DANIEL/Garage Interior/Models/rack1.FBX using Guid(32f518b0f8407ce4d82e9ee4832a42fa) Importer(815301076,1909f56bfc062723c751e8b465ee728b)  -> (artifact id: '14ae5ba021bb34ade2636a74521554e4') in 0.024591 seconds
  Import took 0.028855 seconds .

========================================================================
Received Import Request.
  Time since last request: 0.000367 seconds.
  path: Assets/DANIEL/Garage Interior/Models/sign5.FBX
  artifactKey: Guid(322563c9b5b256342a1d8decb3560e94) Importer(815301076,1909f56bfc062723c751e8b465ee728b)
Start importing Assets/DANIEL/Garage Interior/Models/sign5.FBX using Guid(322563c9b5b256342a1d8decb3560e94) Importer(815301076,1909f56bfc062723c751e8b465ee728b)  -> (artifact id: 'a7ba57d540e5a16f8bce31ae554459ac') in 0.020051 seconds
  Import took 0.024332 seconds .

========================================================================
Received Import Request.
  Time since last request: 0.000342 seconds.
  path: Assets/DANIEL/Garage Interior/Models/refrigerator.FBX
  artifactKey: Guid(42ef9c2f856f3cd41936ed829ecba898) Importer(815301076,1909f56bfc062723c751e8b465ee728b)
Start importing Assets/DANIEL/Garage Interior/Models/refrigerator.FBX using Guid(42ef9c2f856f3cd41936ed829ecba898) Importer(815301076,1909f56bfc062723c751e8b465ee728b)  -> (artifact id: 'c86d2223036a1d6a3f979343c8f37af1') in 0.021297 seconds
  Import took 0.025990 seconds .

========================================================================
Received Import Request.
  Time since last request: 0.000278 seconds.
  path: Assets/DANIEL/Garage Interior/Models/sign6.FBX
  artifactKey: Guid(d86605d4c083f5244979725e43d81bde) Importer(815301076,1909f56bfc062723c751e8b465ee728b)
Start importing Assets/DANIEL/Garage Interior/Models/sign6.FBX using Guid(d86605d4c083f5244979725e43d81bde) Importer(815301076,1909f56bfc062723c751e8b465ee728b)  -> (artifact id: '1084d79c81a78a2a43a4ea0881fde6f7') in 0.022004 seconds
  Import took 0.026970 seconds .

========================================================================
Received Import Request.
  Time since last request: 0.000303 seconds.
  path: Assets/DANIEL/Garage Interior/Models/sign4.FBX
  artifactKey: Guid(aff69f2bc38161c48b7b480ea3ce6c1c) Importer(815301076,1909f56bfc062723c751e8b465ee728b)
Start importing Assets/DANIEL/Garage Interior/Models/sign4.FBX using Guid(aff69f2bc38161c48b7b480ea3ce6c1c) Importer(815301076,1909f56bfc062723c751e8b465ee728b)  -> (artifact id: '056e617f65762fe01f5af110b7213185') in 0.018989 seconds
  Import took 0.023466 seconds .

========================================================================
Received Import Request.
  Time since last request: 0.000395 seconds.
  path: Assets/VR Controllers Models/Valve Index Controllers/valve-index-controller-right/source/valve_controller_knu_1_0_right.obj
  artifactKey: Guid(c081c5f65c2facd4284b1d6315923bdc) Importer(815301076,1909f56bfc062723c751e8b465ee728b)
Start importing Assets/VR Controllers Models/Valve Index Controllers/valve-index-controller-right/source/valve_controller_knu_1_0_right.obj using Guid(c081c5f65c2facd4284b1d6315923bdc) Importer(815301076,1909f56bfc062723c751e8b465ee728b)  -> (artifact id: '314c1b216458dae630db9194c86adeab') in 0.032649 seconds
  Import took 0.036776 seconds .

========================================================================
Received Import Request.
  Time since last request: 0.000310 seconds.
  path: Assets/DANIEL/Garage Interior/Models/sofa2.FBX
  artifactKey: Guid(2bb380bd6f201cd4e877a7f3a8598610) Importer(815301076,1909f56bfc062723c751e8b465ee728b)
Start importing Assets/DANIEL/Garage Interior/Models/sofa2.FBX using Guid(2bb380bd6f201cd4e877a7f3a8598610) Importer(815301076,1909f56bfc062723c751e8b465ee728b)  -> (artifact id: '92c3274d12b3f75628390eb2edacdeba') in 0.025173 seconds
  Import took 0.029677 seconds .

========================================================================
Received Import Request.
  Time since last request: 0.000293 seconds.
  path: Assets/DANIEL/Garage Interior/Models/spray can1a.FBX
  artifactKey: Guid(547c4bb3e25a1f74cb14a6abbf20bd1c) Importer(815301076,1909f56bfc062723c751e8b465ee728b)
Start importing Assets/DANIEL/Garage Interior/Models/spray can1a.FBX using Guid(547c4bb3e25a1f74cb14a6abbf20bd1c) Importer(815301076,1909f56bfc062723c751e8b465ee728b)  -> (artifact id: '12886c57a724e49ca04d1ba52a9ff120') in 0.020661 seconds
  Import took 0.026071 seconds .

========================================================================
Received Import Request.
  Time since last request: 0.000452 seconds.
  path: Assets/DANIEL/Garage Interior/Models/spray can3b.FBX
  artifactKey: Guid(ba8767e449741da4a806b5920103371a) Importer(815301076,1909f56bfc062723c751e8b465ee728b)
Start importing Assets/DANIEL/Garage Interior/Models/spray can3b.FBX using Guid(ba8767e449741da4a806b5920103371a) Importer(815301076,1909f56bfc062723c751e8b465ee728b)  -> (artifact id: '45e4a6931daa9fb2133e5ccce9d7171c') in 0.020130 seconds
  Import took 0.024736 seconds .

========================================================================
Received Import Request.
  Time since last request: 0.000325 seconds.
  path: Assets/DANIEL/Garage Interior/Models/tool box1.FBX
  artifactKey: Guid(5bcc1893d6ef90f49bef3b8b6b7772c4) Importer(815301076,1909f56bfc062723c751e8b465ee728b)
Start importing Assets/DANIEL/Garage Interior/Models/tool box1.FBX using Guid(5bcc1893d6ef90f49bef3b8b6b7772c4) Importer(815301076,1909f56bfc062723c751e8b465ee728b)  -> (artifact id: '1ed57b5cf484e49f4aae34a0c5d3a6eb') in 0.024786 seconds
  Import took 0.029957 seconds .

========================================================================
Received Import Request.
  Time since last request: 0.000308 seconds.
  path: Assets/DANIEL/Garage Interior/Models/sign1.FBX
  artifactKey: Guid(35dc5bb55f95e5148ac9eb61ab75bd56) Importer(815301076,1909f56bfc062723c751e8b465ee728b)
Start importing Assets/DANIEL/Garage Interior/Models/sign1.FBX using Guid(35dc5bb55f95e5148ac9eb61ab75bd56) Importer(815301076,1909f56bfc062723c751e8b465ee728b)  -> (artifact id: 'da488233f39737683fd6258dfa5afd8f') in 0.022253 seconds
  Import took 0.027473 seconds .

========================================================================
Received Import Request.
  Time since last request: 0.000345 seconds.
  path: Assets/DANIEL/Garage Interior/Models/paint bucket big1.FBX
  artifactKey: Guid(a563b47733b484f42adb2e7287189e69) Importer(815301076,1909f56bfc062723c751e8b465ee728b)
Start importing Assets/DANIEL/Garage Interior/Models/paint bucket big1.FBX using Guid(a563b47733b484f42adb2e7287189e69) Importer(815301076,1909f56bfc062723c751e8b465ee728b)  -> (artifact id: 'ace034a060943bb6306464c814bfa030') in 0.021228 seconds
  Import took 0.026074 seconds .

========================================================================
Received Import Request.
  Time since last request: 0.000274 seconds.
  path: Assets/DANIEL/Garage Interior/Models/paint pot4.FBX
  artifactKey: Guid(72d0c9294d0c7e34eb9859e2a7c7894d) Importer(815301076,1909f56bfc062723c751e8b465ee728b)
Start importing Assets/DANIEL/Garage Interior/Models/paint pot4.FBX using Guid(72d0c9294d0c7e34eb9859e2a7c7894d) Importer(815301076,1909f56bfc062723c751e8b465ee728b)  -> (artifact id: '7b35685b00b607404698a2087af0d24b') in 0.028265 seconds
  Import took 0.032722 seconds .

========================================================================
Received Import Request.
  Time since last request: 0.000281 seconds.
  path: Assets/DANIEL/Garage Interior/Models/sofa1.FBX
  artifactKey: Guid(bc832950e36a0cb45bc84e87dbf49ad9) Importer(815301076,1909f56bfc062723c751e8b465ee728b)
Start importing Assets/DANIEL/Garage Interior/Models/sofa1.FBX using Guid(bc832950e36a0cb45bc84e87dbf49ad9) Importer(815301076,1909f56bfc062723c751e8b465ee728b)  -> (artifact id: '2da93638ca45cf1eedc389fbf1749e5e') in 0.022178 seconds
  Import took 0.026614 seconds .

========================================================================
Received Import Request.
  Time since last request: 0.000318 seconds.
  path: Assets/DANIEL/Garage Interior/Models/pliers.FBX
  artifactKey: Guid(23fea98bab0ec9146a5cf00339e9a353) Importer(815301076,1909f56bfc062723c751e8b465ee728b)
Start importing Assets/DANIEL/Garage Interior/Models/pliers.FBX using Guid(23fea98bab0ec9146a5cf00339e9a353) Importer(815301076,1909f56bfc062723c751e8b465ee728b)  -> (artifact id: 'd50773d5a75bcab0239af1c42fdab9a1') in 0.023275 seconds
  Import took 0.028358 seconds .

========================================================================
Received Import Request.
  Time since last request: 0.000454 seconds.
  path: Assets/DANIEL/Garage Interior/Models/table1.FBX
  artifactKey: Guid(4d91f1d5c280c1a4aa194822d411ec7b) Importer(815301076,1909f56bfc062723c751e8b465ee728b)
Start importing Assets/DANIEL/Garage Interior/Models/table1.FBX using Guid(4d91f1d5c280c1a4aa194822d411ec7b) Importer(815301076,1909f56bfc062723c751e8b465ee728b)  -> (artifact id: 'ff0da1d4e27d56ad325f7a2dd37471db') in 0.024727 seconds
  Import took 0.029293 seconds .

========================================================================
Received Import Request.
  Time since last request: 0.000571 seconds.
  path: Assets/DANIEL/Garage Interior/Models/wall clock.FBX
  artifactKey: Guid(3059ff23f5727c1409b045f674a812c2) Importer(815301076,1909f56bfc062723c751e8b465ee728b)
Start importing Assets/DANIEL/Garage Interior/Models/wall clock.FBX using Guid(3059ff23f5727c1409b045f674a812c2) Importer(815301076,1909f56bfc062723c751e8b465ee728b)  -> (artifact id: 'f29e3ded2bb4fae230f3e857e540f330') in 0.025935 seconds
  Import took 0.031256 seconds .

========================================================================
Received Import Request.
  Time since last request: 0.000340 seconds.
  path: Assets/DANIEL/Garage Interior/Models/trash.FBX
  artifactKey: Guid(44d15ad274df9a84bb61a99d2fad240c) Importer(815301076,1909f56bfc062723c751e8b465ee728b)
Start importing Assets/DANIEL/Garage Interior/Models/trash.FBX using Guid(44d15ad274df9a84bb61a99d2fad240c) Importer(815301076,1909f56bfc062723c751e8b465ee728b)  -> (artifact id: '6bc946a4adc9ce3cb75266ff3797b35c') in 0.025238 seconds
  Import took 0.029627 seconds .

========================================================================
Received Import Request.
  Time since last request: 0.000301 seconds.
  path: Assets/DANIEL/Garage Interior/Models/table3.FBX
  artifactKey: Guid(8a71b26f7c9a8084195290dd0be4f955) Importer(815301076,1909f56bfc062723c751e8b465ee728b)
Start importing Assets/DANIEL/Garage Interior/Models/table3.FBX using Guid(8a71b26f7c9a8084195290dd0be4f955) Importer(815301076,1909f56bfc062723c751e8b465ee728b)  -> (artifact id: '2a2595a2779ffc9b910f853eb601e510') in 0.023166 seconds
  Import took 0.027602 seconds .

========================================================================
Received Import Request.
  Time since last request: 0.000317 seconds.
  path: Assets/DANIEL/Garage Interior/Models/toolbox3.FBX
  artifactKey: Guid(7ffaed11aebac494c836073885305e9f) Importer(815301076,1909f56bfc062723c751e8b465ee728b)
Start importing Assets/DANIEL/Garage Interior/Models/toolbox3.FBX using Guid(7ffaed11aebac494c836073885305e9f) Importer(815301076,1909f56bfc062723c751e8b465ee728b)  -> (artifact id: 'a05b1abe494b7f38f4682667751570e6') in 0.020647 seconds
  Import took 0.024754 seconds .

========================================================================
Received Import Request.
  Time since last request: 0.000309 seconds.
  path: Assets/DANIEL/Garage Interior/Models/tool box4.FBX
  artifactKey: Guid(ecb7b2d3c5ba2ea4ba7b99d631c88755) Importer(815301076,1909f56bfc062723c751e8b465ee728b)
Start importing Assets/DANIEL/Garage Interior/Models/tool box4.FBX using Guid(ecb7b2d3c5ba2ea4ba7b99d631c88755) Importer(815301076,1909f56bfc062723c751e8b465ee728b)  -> (artifact id: 'bccc64f1cb4a7c67d88b505beadd252c') in 0.020332 seconds
  Import took 0.024656 seconds .

========================================================================
Received Import Request.
  Time since last request: 0.000293 seconds.
  path: Assets/DANIEL/Garage Interior/Models/paint bucket small2.FBX
  artifactKey: Guid(e5832370bd26ca64282f0ac4576a11e2) Importer(815301076,1909f56bfc062723c751e8b465ee728b)
Start importing Assets/DANIEL/Garage Interior/Models/paint bucket small2.FBX using Guid(e5832370bd26ca64282f0ac4576a11e2) Importer(815301076,1909f56bfc062723c751e8b465ee728b)  -> (artifact id: 'dbd626d4d03ba3424a2dc59e5f4a0f86') in 0.020973 seconds
  Import took 0.025281 seconds .

========================================================================
Received Import Request.
  Time since last request: 0.000383 seconds.
  path: Assets/DANIEL/Garage Interior/Models/paint pot1.FBX
  artifactKey: Guid(38cbae0a7b0b9674984a273b221eeacd) Importer(815301076,1909f56bfc062723c751e8b465ee728b)
Start importing Assets/DANIEL/Garage Interior/Models/paint pot1.FBX using Guid(38cbae0a7b0b9674984a273b221eeacd) Importer(815301076,1909f56bfc062723c751e8b465ee728b)  -> (artifact id: 'cbf8b74c307ea54588873cdae5defdc3') in 0.020549 seconds
  Import took 0.025815 seconds .

========================================================================
Received Import Request.
  Time since last request: 0.000271 seconds.
  path: Assets/DANIEL/Garage Interior/Models/wall rack1.FBX
  artifactKey: Guid(0dd280dd8015ba44c81e008311a3df79) Importer(815301076,1909f56bfc062723c751e8b465ee728b)
Start importing Assets/DANIEL/Garage Interior/Models/wall rack1.FBX using Guid(0dd280dd8015ba44c81e008311a3df79) Importer(815301076,1909f56bfc062723c751e8b465ee728b)  -> (artifact id: 'ff0b4aab84d604383064ed94a59d62d1') in 0.020289 seconds
  Import took 0.024705 seconds .

========================================================================
Received Import Request.
  Time since last request: 0.000459 seconds.
  path: Assets/DANIEL/Garage Interior/Models/tyre.FBX
  artifactKey: Guid(f2fa312b62bacc542b755ee71bb64cae) Importer(815301076,1909f56bfc062723c751e8b465ee728b)
Start importing Assets/DANIEL/Garage Interior/Models/tyre.FBX using Guid(f2fa312b62bacc542b755ee71bb64cae) Importer(815301076,1909f56bfc062723c751e8b465ee728b)  -> (artifact id: 'fda26f2e505ef2e538ac438fc39585ba') in 0.024350 seconds
  Import took 0.029297 seconds .

========================================================================
Received Import Request.
  Time since last request: 0.000335 seconds.
  path: Assets/DANIEL/Garage Interior/Models/wall rack2.FBX
  artifactKey: Guid(d5add2137cfab524e999075cd1b546e3) Importer(815301076,1909f56bfc062723c751e8b465ee728b)
Start importing Assets/DANIEL/Garage Interior/Models/wall rack2.FBX using Guid(d5add2137cfab524e999075cd1b546e3) Importer(815301076,1909f56bfc062723c751e8b465ee728b)  -> (artifact id: 'f4a0953f8d35ebc610b57262cc65ebad') in 0.019567 seconds
  Import took 0.024883 seconds .

========================================================================
Received Import Request.
  Time since last request: 0.000338 seconds.
  path: Assets/DANIEL/Garage Interior/Models/paint pot3.FBX
  artifactKey: Guid(03f4ec6fd26d3d5408ee8ee4a983fbc2) Importer(815301076,1909f56bfc062723c751e8b465ee728b)
Start importing Assets/DANIEL/Garage Interior/Models/paint pot3.FBX using Guid(03f4ec6fd26d3d5408ee8ee4a983fbc2) Importer(815301076,1909f56bfc062723c751e8b465ee728b)  -> (artifact id: 'f17f4b2f19c89c6d0a7845bb1b4fd509') in 0.021141 seconds
  Import took 0.026058 seconds .

========================================================================
Received Import Request.
  Time since last request: 0.000340 seconds.
  path: Assets/DANIEL/Garage Interior/Models/tyre stand.FBX
  artifactKey: Guid(174fd766efdbc9e42a5a1b0857799195) Importer(815301076,1909f56bfc062723c751e8b465ee728b)
Start importing Assets/DANIEL/Garage Interior/Models/tyre stand.FBX using Guid(174fd766efdbc9e42a5a1b0857799195) Importer(815301076,1909f56bfc062723c751e8b465ee728b)  -> (artifact id: '5147af61fd80c44bd1e4e8289f4248b0') in 0.023039 seconds
  Import took 0.027894 seconds .

========================================================================
Received Import Request.
  Time since last request: 0.000416 seconds.
  path: Assets/DANIEL/Garage Interior/Models/screwdriver.FBX
  artifactKey: Guid(2e1660247a621d8439541ac62eda37e7) Importer(815301076,1909f56bfc062723c751e8b465ee728b)
Start importing Assets/DANIEL/Garage Interior/Models/screwdriver.FBX using Guid(2e1660247a621d8439541ac62eda37e7) Importer(815301076,1909f56bfc062723c751e8b465ee728b)  -> (artifact id: 'db6a2782388147ecd18012dc3237ee49') in 0.022703 seconds
  Import took 0.026701 seconds .

========================================================================
Received Import Request.
  Time since last request: 0.000388 seconds.
  path: Assets/DANIEL/Garage Interior/Models/table2.FBX
  artifactKey: Guid(3f06da89cb141fd46948412102cf3d1c) Importer(815301076,1909f56bfc062723c751e8b465ee728b)
Start importing Assets/DANIEL/Garage Interior/Models/table2.FBX using Guid(3f06da89cb141fd46948412102cf3d1c) Importer(815301076,1909f56bfc062723c751e8b465ee728b)  -> (artifact id: '7d4d6244cfd28483bc591c0f948364c1') in 0.021768 seconds
  Import took 0.026597 seconds .

========================================================================
Received Import Request.
  Time since last request: 0.000315 seconds.
  path: Assets/DANIEL/Garage Interior/Models/pencil.FBX
  artifactKey: Guid(f8d614c9a99cb164c92d5c7767d00d4e) Importer(815301076,1909f56bfc062723c751e8b465ee728b)
Start importing Assets/DANIEL/Garage Interior/Models/pencil.FBX using Guid(f8d614c9a99cb164c92d5c7767d00d4e) Importer(815301076,1909f56bfc062723c751e8b465ee728b)  -> (artifact id: '8740f18ef2377f2bbdce7ccc9280eb60') in 0.019633 seconds
  Import took 0.024829 seconds .

========================================================================
Received Import Request.
  Time since last request: 0.000291 seconds.
  path: Assets/DANIEL/Garage Interior/Models/stool1.FBX
  artifactKey: Guid(c080b6c36913a5c48a8be5aca3be4c57) Importer(815301076,1909f56bfc062723c751e8b465ee728b)
Start importing Assets/DANIEL/Garage Interior/Models/stool1.FBX using Guid(c080b6c36913a5c48a8be5aca3be4c57) Importer(815301076,1909f56bfc062723c751e8b465ee728b)  -> (artifact id: 'f211b2c15959a18eb2d3c11834943e79') in 0.020973 seconds
  Import took 0.025159 seconds .

========================================================================
Received Import Request.
  Time since last request: 0.000276 seconds.
  path: Assets/DANIEL/Garage Interior/Models/saw.FBX
  artifactKey: Guid(fad2cf6a2ed9854408c6acc715350bef) Importer(815301076,1909f56bfc062723c751e8b465ee728b)
Start importing Assets/DANIEL/Garage Interior/Models/saw.FBX using Guid(fad2cf6a2ed9854408c6acc715350bef) Importer(815301076,1909f56bfc062723c751e8b465ee728b)  -> (artifact id: 'c068fa533091867fd990e98030780f76') in 0.021281 seconds
  Import took 0.026551 seconds .

========================================================================
Received Import Request.
  Time since last request: 0.000284 seconds.
  path: Assets/DANIEL/Garage Interior/Models/wheel.FBX
  artifactKey: Guid(cd646e371b95b694d9209b495bcdc052) Importer(815301076,1909f56bfc062723c751e8b465ee728b)
Start importing Assets/DANIEL/Garage Interior/Models/wheel.FBX using Guid(cd646e371b95b694d9209b495bcdc052) Importer(815301076,1909f56bfc062723c751e8b465ee728b)  -> (artifact id: '1f201ff01a0263f4b90d57bf24b477c4') in 0.019967 seconds
  Import took 0.025495 seconds .

========================================================================
Received Import Request.
  Time since last request: 0.000291 seconds.
  path: Assets/DANIEL/Garage Interior/Models/paint bucket small1.FBX
  artifactKey: Guid(9fb24167408b3dc42901ab2d76935ffa) Importer(815301076,1909f56bfc062723c751e8b465ee728b)
Start importing Assets/DANIEL/Garage Interior/Models/paint bucket small1.FBX using Guid(9fb24167408b3dc42901ab2d76935ffa) Importer(815301076,1909f56bfc062723c751e8b465ee728b)  -> (artifact id: '46717d5425d20389c09b417c2243ac41') in 0.024286 seconds
  Import took 0.029159 seconds .

========================================================================
Received Import Request.
  Time since last request: 0.000331 seconds.
  path: Assets/DANIEL/Garage Interior/Models/spray can1c.FBX
  artifactKey: Guid(0952e56ba04fc6f4992b2040176be30a) Importer(815301076,1909f56bfc062723c751e8b465ee728b)
Start importing Assets/DANIEL/Garage Interior/Models/spray can1c.FBX using Guid(0952e56ba04fc6f4992b2040176be30a) Importer(815301076,1909f56bfc062723c751e8b465ee728b)  -> (artifact id: '63cd45c985ff400773902c77ae44e496') in 0.021310 seconds
  Import took 0.026598 seconds .

========================================================================
Received Import Request.
  Time since last request: 0.000324 seconds.
  path: Assets/DANIEL/Garage Interior/Models/sign2.FBX
  artifactKey: Guid(0cb17e2ae0dfadf4f93528f91f8fd27d) Importer(815301076,1909f56bfc062723c751e8b465ee728b)
Start importing Assets/DANIEL/Garage Interior/Models/sign2.FBX using Guid(0cb17e2ae0dfadf4f93528f91f8fd27d) Importer(815301076,1909f56bfc062723c751e8b465ee728b)  -> (artifact id: '784ca5cb0f6b5aee8853adbbabd4b342') in 0.021016 seconds
  Import took 0.025268 seconds .

========================================================================
Received Import Request.
  Time since last request: 0.000321 seconds.
  path: Assets/DANIEL/Garage Interior/Models/spray can2b.FBX
  artifactKey: Guid(408a9931dadb96942be1b5d4e56bbc21) Importer(815301076,1909f56bfc062723c751e8b465ee728b)
Start importing Assets/DANIEL/Garage Interior/Models/spray can2b.FBX using Guid(408a9931dadb96942be1b5d4e56bbc21) Importer(815301076,1909f56bfc062723c751e8b465ee728b)  -> (artifact id: '10bb5f3d5675eb53c6d096ead05a10bd') in 0.018443 seconds
  Import took 0.022429 seconds .

========================================================================
Received Import Request.
  Time since last request: 0.000279 seconds.
  path: Assets/DANIEL/Garage Interior/Models/tool box2.FBX
  artifactKey: Guid(fbfa9b77b280397428d0aafb44aba417) Importer(815301076,1909f56bfc062723c751e8b465ee728b)
Start importing Assets/DANIEL/Garage Interior/Models/tool box2.FBX using Guid(fbfa9b77b280397428d0aafb44aba417) Importer(815301076,1909f56bfc062723c751e8b465ee728b)  -> (artifact id: 'fdfa29798d0a7a01abebf738f6c48af4') in 0.020773 seconds
  Import took 0.025266 seconds .

========================================================================
Received Import Request.
  Time since last request: 0.000258 seconds.
  path: Assets/DANIEL/Garage Interior/Models/spray can3a.FBX
  artifactKey: Guid(9194c993673d5ba48b55d194e86c2295) Importer(815301076,1909f56bfc062723c751e8b465ee728b)
Start importing Assets/DANIEL/Garage Interior/Models/spray can3a.FBX using Guid(9194c993673d5ba48b55d194e86c2295) Importer(815301076,1909f56bfc062723c751e8b465ee728b)  -> (artifact id: '210cdb5920ee0d8fedb67e4301d5269c') in 0.019481 seconds
  Import took 0.024035 seconds .

========================================================================
Received Import Request.
  Time since last request: 0.000357 seconds.
  path: Assets/DANIEL/Garage Interior/Models/spray can2a.FBX
  artifactKey: Guid(eaf9219b720caef449086a4839e01036) Importer(815301076,1909f56bfc062723c751e8b465ee728b)
Start importing Assets/DANIEL/Garage Interior/Models/spray can2a.FBX using Guid(eaf9219b720caef449086a4839e01036) Importer(815301076,1909f56bfc062723c751e8b465ee728b)  -> (artifact id: 'a9137550ccc40399d68d0b6e390e70c5') in 0.020454 seconds
  Import took 0.025005 seconds .

========================================================================
Received Import Request.
  Time since last request: 0.000301 seconds.
  path: Assets/DANIEL/Garage Interior/Models/wood box1.FBX
  artifactKey: Guid(1e49c7bb03436624b926b76470b9cfc8) Importer(815301076,1909f56bfc062723c751e8b465ee728b)
Start importing Assets/DANIEL/Garage Interior/Models/wood box1.FBX using Guid(1e49c7bb03436624b926b76470b9cfc8) Importer(815301076,1909f56bfc062723c751e8b465ee728b)  -> (artifact id: '8c3ef7b313eb9f497faf78bf3b733dfa') in 0.020194 seconds
  Import took 0.024840 seconds .

========================================================================
Received Import Request.
  Time since last request: 0.000267 seconds.
  path: Assets/DANIEL/Garage Interior/Models/wall.FBX
  artifactKey: Guid(c91295614128f1741a14ec885d6daeae) Importer(815301076,1909f56bfc062723c751e8b465ee728b)
Start importing Assets/DANIEL/Garage Interior/Models/wall.FBX using Guid(c91295614128f1741a14ec885d6daeae) Importer(815301076,1909f56bfc062723c751e8b465ee728b)  -> (artifact id: 'd95a81d35889c559a0d3ef245fda28c5') in 0.028443 seconds
  Import took 0.032828 seconds .

========================================================================
Received Import Request.
  Time since last request: 0.000311 seconds.
  path: Assets/VR Controllers Models/Default Controllers/Default Controller.obj
  artifactKey: Guid(3ad3c8a0cd60ccd489485ec2973dd9bf) Importer(815301076,1909f56bfc062723c751e8b465ee728b)
Start importing Assets/VR Controllers Models/Default Controllers/Default Controller.obj using Guid(3ad3c8a0cd60ccd489485ec2973dd9bf) Importer(815301076,1909f56bfc062723c751e8b465ee728b)  -> (artifact id: 'fcaf026a91b801f327b5bc45cb08c131') in 0.027053 seconds
  Import took 0.031563 seconds .

========================================================================
Received Import Request.
  Time since last request: 0.000334 seconds.
  path: Assets/DANIEL/Garage Interior/Models/repair car1.FBX
  artifactKey: Guid(861901747f543cc4e99db2b83d553584) Importer(815301076,1909f56bfc062723c751e8b465ee728b)
Start importing Assets/DANIEL/Garage Interior/Models/repair car1.FBX using Guid(861901747f543cc4e99db2b83d553584) Importer(815301076,1909f56bfc062723c751e8b465ee728b)  -> (artifact id: '3f2c24580c4e12a3299f9229e699d57f') in 0.024280 seconds
  Import took 0.029098 seconds .

========================================================================
Received Import Request.
  Time since last request: 0.000286 seconds.
  path: Assets/DANIEL/Garage Interior/Models/spray can1b.FBX
  artifactKey: Guid(0cd25ca077458a54f8796dce6602ef10) Importer(815301076,1909f56bfc062723c751e8b465ee728b)
Start importing Assets/DANIEL/Garage Interior/Models/spray can1b.FBX using Guid(0cd25ca077458a54f8796dce6602ef10) Importer(815301076,1909f56bfc062723c751e8b465ee728b)  -> (artifact id: 'f327c02f288106a16d4dfcac1b7def13') in 0.019203 seconds
  Import took 0.023806 seconds .

========================================================================
Received Import Request.
  Time since last request: 0.000255 seconds.
  path: Assets/DANIEL/Garage Interior/Models/paint bucket big3.FBX
  artifactKey: Guid(366725c1d5a69a74eabfb0955b56d39f) Importer(815301076,1909f56bfc062723c751e8b465ee728b)
Start importing Assets/DANIEL/Garage Interior/Models/paint bucket big3.FBX using Guid(366725c1d5a69a74eabfb0955b56d39f) Importer(815301076,1909f56bfc062723c751e8b465ee728b)  -> (artifact id: 'b139f5c9b3f4949eca0e8981a42f000c') in 0.021699 seconds
  Import took 0.026013 seconds .

========================================================================
Received Import Request.
  Time since last request: 0.000274 seconds.
  path: Assets/DANIEL/Garage Interior/Models/sign7.FBX
  artifactKey: Guid(2023a9adea0079642a6ab3cb4c1febaf) Importer(815301076,1909f56bfc062723c751e8b465ee728b)
Start importing Assets/DANIEL/Garage Interior/Models/sign7.FBX using Guid(2023a9adea0079642a6ab3cb4c1febaf) Importer(815301076,1909f56bfc062723c751e8b465ee728b)  -> (artifact id: '0f8db10beaed654451538b250399c4a9') in 0.024397 seconds
  Import took 0.029355 seconds .

========================================================================
Received Import Request.
  Time since last request: 0.000337 seconds.
  path: Assets/DANIEL/Garage Interior/Models/wood ruler.FBX
  artifactKey: Guid(7cfd8473d425d2d438c02032301c0f04) Importer(815301076,1909f56bfc062723c751e8b465ee728b)
Start importing Assets/DANIEL/Garage Interior/Models/wood ruler.FBX using Guid(7cfd8473d425d2d438c02032301c0f04) Importer(815301076,1909f56bfc062723c751e8b465ee728b)  -> (artifact id: '9a5c5aebfe3e43ca991a55a591e327fe') in 0.018425 seconds
  Import took 0.023447 seconds .

========================================================================
Received Import Request.
  Time since last request: 0.000342 seconds.
  path: Assets/DANIEL/Garage Interior/Models/paint pot2.FBX
  artifactKey: Guid(57710dad154a38a40ac587bdf1ed77ee) Importer(815301076,1909f56bfc062723c751e8b465ee728b)
Start importing Assets/DANIEL/Garage Interior/Models/paint pot2.FBX using Guid(57710dad154a38a40ac587bdf1ed77ee) Importer(815301076,1909f56bfc062723c751e8b465ee728b)  -> (artifact id: 'bde1849b2ac2deb839e65f910b037b83') in 0.019960 seconds
  Import took 0.024487 seconds .

========================================================================
Received Prepare
Registering precompiled user dll's ...
Registered in 0.034739 seconds.
Begin MonoManager ReloadAssembly
Native extension for WindowsStandalone target not found
Native extension for WebGL target not found
Refreshing native plugins compatible for Editor in 1.18 ms, found 9 plugins.
Preloading 2 native plugins for Editor in 0.43 ms.
Invoked RoslynAnalysisRunner static constructor.
RoslynAnalysisRunner will not be running.
RoslynAnalysisRunner has terminated.
NullReferenceException: Object reference not set to an instance of an object
  at Unity.XR.Oculus.OculusLoader.AssetPathToAbsolutePath (System.String assetPath) [0x00048] in C:\Users\3dcer\Documents\GitHub\Danthew_Bike_Test\Library\PackageCache\com.unity.xr.oculus@1.8.1\Runtime\OculusLoader.cs:243 
  at Unity.XR.Oculus.OculusLoader.EditorLoadOVRPlugin () [0x0007b] in C:\Users\3dcer\Documents\GitHub\Danthew_Bike_Test\Library\PackageCache\com.unity.xr.oculus@1.8.1\Runtime\OculusLoader.cs:228 

(Filename: Library/PackageCache/com.unity.xr.oculus@1.8.1/Runtime/OculusLoader.cs Line: 243)

Mono: successfully reloaded assembly
- Completed reload, in  1.811 seconds
Platform modules already initialized, skipping
Refreshing native plugins compatible for Editor in 0.76 ms, found 9 plugins.
Preloading 2 native plugins for Editor in 0.32 ms.
Unloading 1967 Unused Serialized files (Serialized files now loaded: 0)
System memory in use before: 90.2 MB.
System memory in use after: 90.3 MB.

Unloading 7 unused Assets to reduce memory usage. Loaded Objects now: 2554.
Total: 2.897900 ms (FindLiveObjects: 0.249800 ms CreateObjectMapping: 0.099300 ms MarkObjects: 2.481500 ms  DeleteObjects: 0.065700 ms)

========================================================================
Received Import Request.
  Time since last request: 221.597348 seconds.
  path: Assets/Scripts/ExclusiveSockets/XRExclusiveSocketInteractor.cs
  artifactKey: Guid(8bae809dc8dac354cbccd12da31e4373) Importer(815301076,1909f56bfc062723c751e8b465ee728b)
Start importing Assets/Scripts/ExclusiveSockets/XRExclusiveSocketInteractor.cs using Guid(8bae809dc8dac354cbccd12da31e4373) Importer(815301076,1909f56bfc062723c751e8b465ee728b)  -> (artifact id: '6485a01e0914056dded00a2f089147bc') in 0.007572 seconds
  Import took 0.011714 seconds .

========================================================================
Received Prepare
Registering precompiled user dll's ...
Registered in 0.019324 seconds.
Begin MonoManager ReloadAssembly
Native extension for WindowsStandalone target not found
Native extension for WebGL target not found
Refreshing native plugins compatible for Editor in 0.74 ms, found 9 plugins.
Preloading 2 native plugins for Editor in 0.33 ms.
Invoked RoslynAnalysisRunner static constructor.
RoslynAnalysisRunner will not be running.
RoslynAnalysisRunner has terminated.
NullReferenceException: Object reference not set to an instance of an object
  at Unity.XR.Oculus.OculusLoader.AssetPathToAbsolutePath (System.String assetPath) [0x00048] in C:\Users\3dcer\Documents\GitHub\Danthew_Bike_Test\Library\PackageCache\com.unity.xr.oculus@1.8.1\Runtime\OculusLoader.cs:243 
  at Unity.XR.Oculus.OculusLoader.EditorLoadOVRPlugin () [0x0007b] in C:\Users\3dcer\Documents\GitHub\Danthew_Bike_Test\Library\PackageCache\com.unity.xr.oculus@1.8.1\Runtime\OculusLoader.cs:228 

(Filename: Library/PackageCache/com.unity.xr.oculus@1.8.1/Runtime/OculusLoader.cs Line: 243)

Mono: successfully reloaded assembly
- Completed reload, in  1.364 seconds
Platform modules already initialized, skipping
Refreshing native plugins compatible for Editor in 0.79 ms, found 9 plugins.
Preloading 2 native plugins for Editor in 0.31 ms.
Unloading 1967 Unused Serialized files (Serialized files now loaded: 0)
System memory in use before: 90.2 MB.
System memory in use after: 90.3 MB.

Unloading 7 unused Assets to reduce memory usage. Loaded Objects now: 2558.
Total: 2.994300 ms (FindLiveObjects: 0.272100 ms CreateObjectMapping: 0.105700 ms MarkObjects: 2.543900 ms  DeleteObjects: 0.071200 ms)

AssetImportWorkerClient::OnTransportError - code=2 error=End of file
